#
# There is insufficient memory for the Java Runtime Environment to continue.
# Cannot create GC thread. Out of system resources.
# Possible reasons:
#   The system is out of physical RAM or swap space
#   The process is running with CompressedOops enabled, and the Java Heap may be blocking the growth of the native heap
# Possible solutions:
#   Reduce memory load on the system
#   Increase physical memory or swap space
#   Check if swap backing store is full
#   Decrease Java heap size (-Xmx/-Xms)
#   Decrease number of Java threads
#   Decrease Java thread stack sizes (-Xss)
#   Set larger code cache with -XX:ReservedCodeCacheSize=
# This output file may be truncated or incomplete.
#
#  Out of Memory Error (gcTaskThread.cpp:48), pid=8905, tid=0x00007f17f8a9a700
#
# JRE version:  (8.0_252-b09) (build )
# Java VM: OpenJDK 64-Bit Server VM (25.252-b09 mixed mode linux-amd64 compressed oops)
# Failed to write core dump. Core dumps have been disabled. To enable core dumping, try "ulimit -c unlimited" before starting Java again
#

---------------  T H R E A D  ---------------

Current thread (0x00007f17f000b800):  JavaThread "Unknown thread" [_thread_in_vm, id=8906, stack(0x00007f17f899b000,0x00007f17f8a9b000)]

Stack: [0x00007f17f899b000,0x00007f17f8a9b000],  sp=0x00007f17f8a997a0,  free space=1017k
Native frames: (J=compiled Java code, j=interpreted, Vv=VM code, C=native code)
V  [libjvm.so+0xabcb22]
V  [libjvm.so+0x4de337]
V  [libjvm.so+0x5c171f]
V  [libjvm.so+0x5c08ad]
V  [libjvm.so+0x91e8d1]
V  [libjvm.so+0xa7ee4a]
V  [libjvm.so+0xa7f145]
V  [libjvm.so+0x62c43f]
V  [libjvm.so+0xa62b93]
V  [libjvm.so+0x6af791]  JNI_CreateJavaVM+0x61
C  [libjli.so+0x2ce3]
C  [libjli.so+0x78cd]
C  [libpthread.so.0+0x76db]  start_thread+0xdb


---------------  P R O C E S S  ---------------

Java Threads: ( => current thread )

Other Threads:

=>0x00007f17f000b800 (exited) JavaThread "Unknown thread" [_thread_in_vm, id=8906, stack(0x00007f17f899b000,0x00007f17f8a9b000)]

VM state:not at safepoint (not fully initialized)

VM Mutex/Monitor currently owned by a thread: None

heap address: 0x00000005cc200000, size: 7998 MB, Compressed Oops mode: Non-zero based:0x00000005cc1ff000, Oop shift amount: 3
Narrow klass base: 0x0000000000000000, Narrow klass shift: 0

GC Heap History (0 events):
No events

Deoptimization events (0 events):
No events

Classes redefined (0 events):
No events

Internal exceptions (0 events):
No events

Events (0 events):
No events


Dynamic libraries:
5cc200000-5cc780000 rw-p 00000000 00:00 0 
5cc780000-719600000 ---p 00000000 00:00 0 
719600000-719880000 rw-p 00000000 00:00 0 
719880000-7c0000000 ---p 00000000 00:00 0 
55753ba61000-55753ba62000 r-xp 00000000 08:02 1049788                    /usr/lib/jvm/java-8-openjdk-amd64/bin/javac
55753bc61000-55753bc62000 r--p 00000000 08:02 1049788                    /usr/lib/jvm/java-8-openjdk-amd64/bin/javac
55753bc62000-55753bc63000 rw-p 00001000 08:02 1049788                    /usr/lib/jvm/java-8-openjdk-amd64/bin/javac
55753c1d0000-55753c1f1000 rw-p 00000000 00:00 0                          [heap]
7f17dfe5e000-7f17dfe5f000 ---p 00000000 00:00 0 
7f17dfe5f000-7f17dff5f000 rw-p 00000000 00:00 0 
7f17dff5f000-7f17dff60000 ---p 00000000 00:00 0 
7f17dff60000-7f17e0063000 rw-p 00000000 00:00 0 
7f17e0063000-7f17e0aca000 ---p 00000000 00:00 0 
7f17e0aca000-7f17e0acc000 rw-p 00000000 00:00 0 
7f17e0acc000-7f17e0fff000 ---p 00000000 00:00 0 
7f17e0fff000-7f17e1000000 rw-p 00000000 00:00 0 
7f17e1000000-7f17e1270000 rwxp 00000000 00:00 0 
7f17e1270000-7f17f0000000 ---p 00000000 00:00 0 
7f17f0000000-7f17f0040000 rw-p 00000000 00:00 0 
7f17f0040000-7f17f4000000 ---p 00000000 00:00 0 
7f17f40c4000-7f17f40c5000 ---p 00000000 00:00 0 
7f17f40c5000-7f17f41c5000 rw-p 00000000 00:00 0 
7f17f41c5000-7f17f41c6000 ---p 00000000 00:00 0 
7f17f41c6000-7f17f42c6000 rw-p 00000000 00:00 0 
7f17f42c6000-7f17f42c7000 ---p 00000000 00:00 0 
7f17f42c7000-7f17f43c7000 rw-p 00000000 00:00 0 
7f17f43c7000-7f17f43c8000 ---p 00000000 00:00 0 
7f17f43c8000-7f17f44cb000 rw-p 00000000 00:00 0 
7f17f44cb000-7f17f4f32000 ---p 00000000 00:00 0 
7f17f4f32000-7f17f4f3c000 rw-p 00000000 00:00 0 
7f17f4f3c000-7f17f52f2000 ---p 00000000 00:00 0 
7f17f52f2000-7f17f52fa000 r-xp 00000000 08:02 1050906                    /usr/lib/jvm/java-8-openjdk-amd64/jre/lib/amd64/libzip.so
7f17f52fa000-7f17f54f9000 ---p 00008000 08:02 1050906                    /usr/lib/jvm/java-8-openjdk-amd64/jre/lib/amd64/libzip.so
7f17f54f9000-7f17f54fa000 r--p 00007000 08:02 1050906                    /usr/lib/jvm/java-8-openjdk-amd64/jre/lib/amd64/libzip.so
7f17f54fa000-7f17f54fb000 rw-p 00008000 08:02 1050906                    /usr/lib/jvm/java-8-openjdk-amd64/jre/lib/amd64/libzip.so
7f17f54fb000-7f17f5506000 r-xp 00000000 08:02 5772011                    /lib/x86_64-linux-gnu/libnss_files-2.27.so
7f17f5506000-7f17f5705000 ---p 0000b000 08:02 5772011                    /lib/x86_64-linux-gnu/libnss_files-2.27.so
7f17f5705000-7f17f5706000 r--p 0000a000 08:02 5772011                    /lib/x86_64-linux-gnu/libnss_files-2.27.so
7f17f5706000-7f17f5707000 rw-p 0000b000 08:02 5772011                    /lib/x86_64-linux-gnu/libnss_files-2.27.so
7f17f5707000-7f17f570d000 rw-p 00000000 00:00 0 
7f17f570d000-7f17f5724000 r-xp 00000000 08:02 5772005                    /lib/x86_64-linux-gnu/libnsl-2.27.so
7f17f5724000-7f17f5923000 ---p 00017000 08:02 5772005                    /lib/x86_64-linux-gnu/libnsl-2.27.so
7f17f5923000-7f17f5924000 r--p 00016000 08:02 5772005                    /lib/x86_64-linux-gnu/libnsl-2.27.so
7f17f5924000-7f17f5925000 rw-p 00017000 08:02 5772005                    /lib/x86_64-linux-gnu/libnsl-2.27.so
7f17f5925000-7f17f5927000 rw-p 00000000 00:00 0 
7f17f5927000-7f17f5932000 r-xp 00000000 08:02 5772022                    /lib/x86_64-linux-gnu/libnss_nis-2.27.so
7f17f5932000-7f17f5b31000 ---p 0000b000 08:02 5772022                    /lib/x86_64-linux-gnu/libnss_nis-2.27.so
7f17f5b31000-7f17f5b32000 r--p 0000a000 08:02 5772022                    /lib/x86_64-linux-gnu/libnss_nis-2.27.so
7f17f5b32000-7f17f5b33000 rw-p 0000b000 08:02 5772022                    /lib/x86_64-linux-gnu/libnss_nis-2.27.so
7f17f5b33000-7f17f5b3b000 r-xp 00000000 08:02 5772007                    /lib/x86_64-linux-gnu/libnss_compat-2.27.so
7f17f5b3b000-7f17f5d3b000 ---p 00008000 08:02 5772007                    /lib/x86_64-linux-gnu/libnss_compat-2.27.so
7f17f5d3b000-7f17f5d3c000 r--p 00008000 08:02 5772007                    /lib/x86_64-linux-gnu/libnss_compat-2.27.so
7f17f5d3c000-7f17f5d3d000 rw-p 00009000 08:02 5772007                    /lib/x86_64-linux-gnu/libnss_compat-2.27.so
7f17f5d3d000-7f17f5d67000 r-xp 00000000 08:02 1050479                    /usr/lib/jvm/java-8-openjdk-amd64/jre/lib/amd64/libjava.so
7f17f5d67000-7f17f5f66000 ---p 0002a000 08:02 1050479                    /usr/lib/jvm/java-8-openjdk-amd64/jre/lib/amd64/libjava.so
7f17f5f66000-7f17f5f67000 r--p 00029000 08:02 1050479                    /usr/lib/jvm/java-8-openjdk-amd64/jre/lib/amd64/libjava.so
7f17f5f67000-7f17f5f69000 rw-p 0002a000 08:02 1050479                    /usr/lib/jvm/java-8-openjdk-amd64/jre/lib/amd64/libjava.so
7f17f5f69000-7f17f5f79000 r-xp 00000000 08:02 1050903                    /usr/lib/jvm/java-8-openjdk-amd64/jre/lib/amd64/libverify.so
7f17f5f79000-7f17f6178000 ---p 00010000 08:02 1050903                    /usr/lib/jvm/java-8-openjdk-amd64/jre/lib/amd64/libverify.so
7f17f6178000-7f17f617a000 r--p 0000f000 08:02 1050903                    /usr/lib/jvm/java-8-openjdk-amd64/jre/lib/amd64/libverify.so
7f17f617a000-7f17f617b000 rw-p 00011000 08:02 1050903                    /usr/lib/jvm/java-8-openjdk-amd64/jre/lib/amd64/libverify.so
7f17f617b000-7f17f6182000 r-xp 00000000 08:02 5772062                    /lib/x86_64-linux-gnu/librt-2.27.so
7f17f6182000-7f17f6381000 ---p 00007000 08:02 5772062                    /lib/x86_64-linux-gnu/librt-2.27.so
7f17f6381000-7f17f6382000 r--p 00006000 08:02 5772062                    /lib/x86_64-linux-gnu/librt-2.27.so
7f17f6382000-7f17f6383000 rw-p 00007000 08:02 5772062                    /lib/x86_64-linux-gnu/librt-2.27.so
7f17f6383000-7f17f639a000 r-xp 00000000 08:02 5768832                    /lib/x86_64-linux-gnu/libgcc_s.so.1
7f17f639a000-7f17f6599000 ---p 00017000 08:02 5768832                    /lib/x86_64-linux-gnu/libgcc_s.so.1
7f17f6599000-7f17f659a000 r--p 00016000 08:02 5768832                    /lib/x86_64-linux-gnu/libgcc_s.so.1
7f17f659a000-7f17f659b000 rw-p 00017000 08:02 5768832                    /lib/x86_64-linux-gnu/libgcc_s.so.1
7f17f659b000-7f17f6738000 r-xp 00000000 08:02 5771984                    /lib/x86_64-linux-gnu/libm-2.27.so
7f17f6738000-7f17f6937000 ---p 0019d000 08:02 5771984                    /lib/x86_64-linux-gnu/libm-2.27.so
7f17f6937000-7f17f6938000 r--p 0019c000 08:02 5771984                    /lib/x86_64-linux-gnu/libm-2.27.so
7f17f6938000-7f17f6939000 rw-p 0019d000 08:02 5771984                    /lib/x86_64-linux-gnu/libm-2.27.so
7f17f6939000-7f17f6ab2000 r-xp 00000000 08:02 7606195                    /usr/lib/x86_64-linux-gnu/libstdc++.so.6.0.25
7f17f6ab2000-7f17f6cb2000 ---p 00179000 08:02 7606195                    /usr/lib/x86_64-linux-gnu/libstdc++.so.6.0.25
7f17f6cb2000-7f17f6cbc000 r--p 00179000 08:02 7606195                    /usr/lib/x86_64-linux-gnu/libstdc++.so.6.0.25
7f17f6cbc000-7f17f6cbe000 rw-p 00183000 08:02 7606195                    /usr/lib/x86_64-linux-gnu/libstdc++.so.6.0.25
7f17f6cbe000-7f17f6cc2000 rw-p 00000000 00:00 0 
7f17f6cc2000-7f17f7966000 r-xp 00000000 08:02 1050914                    /usr/lib/jvm/java-8-openjdk-amd64/jre/lib/amd64/server/libjvm.so
7f17f7966000-7f17f7b66000 ---p 00ca4000 08:02 1050914                    /usr/lib/jvm/java-8-openjdk-amd64/jre/lib/amd64/server/libjvm.so
7f17f7b66000-7f17f7bfa000 r--p 00ca4000 08:02 1050914                    /usr/lib/jvm/java-8-openjdk-amd64/jre/lib/amd64/server/libjvm.so
7f17f7bfa000-7f17f7c23000 rw-p 00d38000 08:02 1050914                    /usr/lib/jvm/java-8-openjdk-amd64/jre/lib/amd64/server/libjvm.so
7f17f7c23000-7f17f7c53000 rw-p 00000000 00:00 0 
7f17f7c53000-7f17f7c6d000 r-xp 00000000 08:02 5772054                    /lib/x86_64-linux-gnu/libpthread-2.27.so
7f17f7c6d000-7f17f7e6c000 ---p 0001a000 08:02 5772054                    /lib/x86_64-linux-gnu/libpthread-2.27.so
7f17f7e6c000-7f17f7e6d000 r--p 00019000 08:02 5772054                    /lib/x86_64-linux-gnu/libpthread-2.27.so
7f17f7e6d000-7f17f7e6e000 rw-p 0001a000 08:02 5772054                    /lib/x86_64-linux-gnu/libpthread-2.27.so
7f17f7e6e000-7f17f7e72000 rw-p 00000000 00:00 0 
7f17f7e72000-7f17f7e75000 r-xp 00000000 08:02 5771944                    /lib/x86_64-linux-gnu/libdl-2.27.so
7f17f7e75000-7f17f8074000 ---p 00003000 08:02 5771944                    /lib/x86_64-linux-gnu/libdl-2.27.so
7f17f8074000-7f17f8075000 r--p 00002000 08:02 5771944                    /lib/x86_64-linux-gnu/libdl-2.27.so
7f17f8075000-7f17f8076000 rw-p 00003000 08:02 5771944                    /lib/x86_64-linux-gnu/libdl-2.27.so
7f17f8076000-7f17f8092000 r-xp 00000000 08:02 5772093                    /lib/x86_64-linux-gnu/libz.so.1.2.11
7f17f8092000-7f17f8291000 ---p 0001c000 08:02 5772093                    /lib/x86_64-linux-gnu/libz.so.1.2.11
7f17f8291000-7f17f8292000 r--p 0001b000 08:02 5772093                    /lib/x86_64-linux-gnu/libz.so.1.2.11
7f17f8292000-7f17f8293000 rw-p 0001c000 08:02 5772093                    /lib/x86_64-linux-gnu/libz.so.1.2.11
7f17f8293000-7f17f847a000 r-xp 00000000 08:02 5771921                    /lib/x86_64-linux-gnu/libc-2.27.so
7f17f847a000-7f17f867a000 ---p 001e7000 08:02 5771921                    /lib/x86_64-linux-gnu/libc-2.27.so
7f17f867a000-7f17f867e000 r--p 001e7000 08:02 5771921                    /lib/x86_64-linux-gnu/libc-2.27.so
7f17f867e000-7f17f8680000 rw-p 001eb000 08:02 5771921                    /lib/x86_64-linux-gnu/libc-2.27.so
7f17f8680000-7f17f8684000 rw-p 00000000 00:00 0 
7f17f8684000-7f17f8692000 r-xp 00000000 08:02 1050429                    /usr/lib/jvm/java-8-openjdk-amd64/jre/lib/amd64/jli/libjli.so
7f17f8692000-7f17f8891000 ---p 0000e000 08:02 1050429                    /usr/lib/jvm/java-8-openjdk-amd64/jre/lib/amd64/jli/libjli.so
7f17f8891000-7f17f8892000 r--p 0000d000 08:02 1050429                    /usr/lib/jvm/java-8-openjdk-amd64/jre/lib/amd64/jli/libjli.so
7f17f8892000-7f17f8893000 rw-p 0000e000 08:02 1050429                    /usr/lib/jvm/java-8-openjdk-amd64/jre/lib/amd64/jli/libjli.so
7f17f8893000-7f17f88ba000 r-xp 00000000 08:02 5771893                    /lib/x86_64-linux-gnu/ld-2.27.so
7f17f899a000-7f17f899b000 ---p 00000000 00:00 0 
7f17f899b000-7f17f899e000 ---p 00000000 00:00 0 
7f17f899e000-7f17f8a9d000 rw-p 00000000 00:00 0 
7f17f8aae000-7f17f8ab6000 rw-s 00000000 08:02 5244977                    /tmp/hsperfdata_thomas/8905
7f17f8ab6000-7f17f8ab7000 rw-p 00000000 00:00 0 
7f17f8ab7000-7f17f8ab8000 r--p 00000000 00:00 0 
7f17f8ab8000-7f17f8aba000 rw-p 00000000 00:00 0 
7f17f8aba000-7f17f8abb000 r--p 00027000 08:02 5771893                    /lib/x86_64-linux-gnu/ld-2.27.so
7f17f8abb000-7f17f8abc000 rw-p 00028000 08:02 5771893                    /lib/x86_64-linux-gnu/ld-2.27.so
7f17f8abc000-7f17f8abd000 rw-p 00000000 00:00 0 
7ffe32585000-7ffe325a6000 rw-p 00000000 00:00 0                          [stack]
7ffe325f3000-7ffe325f6000 r--p 00000000 00:00 0                          [vvar]
7ffe325f6000-7ffe325f8000 r-xp 00000000 00:00 0                          [vdso]
ffffffffff600000-ffffffffff601000 r-xp 00000000 00:00 0                  [vsyscall]

VM Arguments:
jvm_args: -Dapplication.home=/usr/lib/jvm/java-8-openjdk-amd64 -Xms8m 
java_command: com.sun.tools.javac.Main -d bin ./sourceString/Aapning.java ./sourceString/HvitRute.java ./sourceString/Labyrint.java ./sourceString/Lenkeliste.java ./sourceString/Liste.java ./sourceString/Oblig5.java ./sourceString/Oblig5_mod.java ./sourceString/PathMonitor.java ./sourceString/Rute.java ./sourceString/SortertLenkeliste.java ./sourceString/SortRute.java ./sourceString/Stabel.java ./sourceString/TestLabyrint.java ./sourceString/TraadStarter.java ./sourceString/UgyldigListeIndeks.java
java_class_path (initial): /usr/lib/jvm/java-8-openjdk-amd64/lib/tools.jar:/usr/lib/jvm/java-8-openjdk-amd64/classes
Launcher Type: SUN_STANDARD

Environment Variables:
JAVA_HOME=/usr/lib/jvm/java-11-openjdk-amd64
PATH=/home/thomas/.local/bin:/usr/local/sbin:/usr/local/bin:/usr/sbin:/usr/bin:/sbin:/bin:/usr/games:/usr/local/games:/snap/bin
USERNAME=thomas
SHELL=/bin/bash
DISPLAY=:0

Signal Handlers:
SIGSEGV: [libjvm.so+0xabd470], sa_mask[0]=11111111011111111101111111111110, sa_flags=SA_RESTART|SA_SIGINFO
SIGBUS: [libjvm.so+0xabd470], sa_mask[0]=11111111011111111101111111111110, sa_flags=SA_RESTART|SA_SIGINFO
SIGFPE: [libjvm.so+0x8f1c90], sa_mask[0]=11111111011111111101111111111110, sa_flags=SA_RESTART|SA_SIGINFO
SIGPIPE: [libjvm.so+0x8f1c90], sa_mask[0]=11111111011111111101111111111110, sa_flags=SA_RESTART|SA_SIGINFO
SIGXFSZ: [libjvm.so+0x8f1c90], sa_mask[0]=11111111011111111101111111111110, sa_flags=SA_RESTART|SA_SIGINFO
SIGILL: [libjvm.so+0x8f1c90], sa_mask[0]=11111111011111111101111111111110, sa_flags=SA_RESTART|SA_SIGINFO
SIGUSR1: SIG_DFL, sa_mask[0]=00000000000000000000000000000000, sa_flags=none
SIGUSR2: [libjvm.so+0x8f1b40], sa_mask[0]=00000000000000000000000000000000, sa_flags=SA_RESTART|SA_SIGINFO
SIGHUP: SIG_DFL, sa_mask[0]=00000000000000000000000000000000, sa_flags=none
SIGINT: SIG_DFL, sa_mask[0]=00000000000000000000000000000000, sa_flags=none
SIGTERM: SIG_DFL, sa_mask[0]=00000000000000000000000000000000, sa_flags=none
SIGQUIT: SIG_DFL, sa_mask[0]=00000000000000000000000000000000, sa_flags=none


---------------  S Y S T E M  ---------------

OS:DISTRIB_ID=Ubuntu
DISTRIB_RELEASE=18.04
DISTRIB_CODENAME=bionic
DISTRIB_DESCRIPTION="Ubuntu 18.04.4 LTS"

uname:Linux 4.15.0-96-generic #97-Ubuntu SMP Wed Apr 1 03:25:46 UTC 2020 x86_64
libc:glibc 2.27 NPTL 2.27 
rlimit: STACK 8192k, CORE 0k, NPROC 127491, NOFILE 4096, AS infinity
load average:2.27 2.33 2.36

/proc/meminfo:
MemTotal:       32755432 kB
MemFree:        19314368 kB
MemAvailable:   23762424 kB
Buffers:          804820 kB
Cached:          5071796 kB
SwapCached:            0 kB
Active:          8603152 kB
Inactive:        3903960 kB
Active(anon):    6631776 kB
Inactive(anon):  1270380 kB
Active(file):    1971376 kB
Inactive(file):  2633580 kB
Unevictable:          64 kB
Mlocked:              64 kB
SwapTotal:       2097148 kB
SwapFree:        2097148 kB
Dirty:                92 kB
Writeback:             0 kB
AnonPages:       6630692 kB
Mapped:          1267528 kB
Shmem:           1272408 kB
Slab:             474260 kB
SReclaimable:     310104 kB
SUnreclaim:       164156 kB
KernelStack:      177084 kB
PageTables:       146764 kB
NFS_Unstable:          0 kB
Bounce:                0 kB
WritebackTmp:          0 kB
CommitLimit:    18474864 kB
Committed_AS:   38187892 kB
VmallocTotal:   34359738367 kB
VmallocUsed:           0 kB
VmallocChunk:          0 kB
HardwareCorrupted:     0 kB
AnonHugePages:         0 kB
ShmemHugePages:        0 kB
ShmemPmdMapped:        0 kB
CmaTotal:              0 kB
CmaFree:               0 kB
HugePages_Total:       0
HugePages_Free:        0
HugePages_Rsvd:        0
HugePages_Surp:        0
Hugepagesize:       2048 kB
DirectMap4k:      525052 kB
DirectMap2M:    32843776 kB

container (cgroup) information:
container_type: cgroupv1
cpu_cpuset_cpus: 0-7
cpu_memory_nodes: 0
active_processor_count: 8
cpu_quota: -1
cpu_period: 100000
cpu_shares: -1
memory_limit_in_bytes: -1
memory_and_swap_limit_in_bytes: -2
memory_soft_limit_in_bytes: -1
memory_usage_in_bytes: 12808392704
memory_max_usage_in_bytes: 0


CPU:total 8 (initial active 8) (4 cores per cpu, 2 threads per core) family 6 model 58 stepping 9, cmov, cx8, fxsr, mmx, sse, sse2, sse3, ssse3, sse4.1, sse4.2, popcnt, avx, aes, clmul, erms, ht, tsc, tscinvbit, tscinv

/proc/cpuinfo:
processor	: 0
vendor_id	: GenuineIntel
cpu family	: 6
model		: 58
model name	: Intel(R) Core(TM) i7-3632QM CPU @ 2.20GHz
stepping	: 9
microcode	: 0x21
cpu MHz		: 2893.394
cache size	: 6144 KB
physical id	: 0
siblings	: 8
core id		: 0
cpu cores	: 4
apicid		: 0
initial apicid	: 0
fpu		: yes
fpu_exception	: yes
cpuid level	: 13
wp		: yes
flags		: fpu vme de pse tsc msr pae mce cx8 apic sep mtrr pge mca cmov pat pse36 clflush dts acpi mmx fxsr sse sse2 ss ht tm pbe syscall nx rdtscp lm constant_tsc arch_perfmon pebs bts rep_good nopl xtopology nonstop_tsc cpuid aperfmperf pni pclmulqdq dtes64 monitor ds_cpl vmx est tm2 ssse3 cx16 xtpr pdcm pcid sse4_1 sse4_2 x2apic popcnt tsc_deadline_timer aes xsave avx f16c rdrand lahf_lm cpuid_fault epb pti ssbd ibrs ibpb stibp tpr_shadow vnmi flexpriority ept vpid fsgsbase smep erms xsaveopt dtherm ida arat pln pts md_clear flush_l1d
bugs		: cpu_meltdown spectre_v1 spectre_v2 spec_store_bypass l1tf mds swapgs itlb_multihit
bogomips	: 4389.96
clflush size	: 64
cache_alignment	: 64
address sizes	: 36 bits physical, 48 bits virtual
power management:

processor	: 1
vendor_id	: GenuineIntel
cpu family	: 6
model		: 58
model name	: Intel(R) Core(TM) i7-3632QM CPU @ 2.20GHz
stepping	: 9
microcode	: 0x21
cpu MHz		: 2893.384
cache size	: 6144 KB
physical id	: 0
siblings	: 8
core id		: 0
cpu cores	: 4
apicid		: 1
initial apicid	: 1
fpu		: yes
fpu_exception	: yes
cpuid level	: 13
wp		: yes
flags		: fpu vme de pse tsc msr pae mce cx8 apic sep mtrr pge mca cmov pat pse36 clflush dts acpi mmx fxsr sse sse2 ss ht tm pbe syscall nx rdtscp lm constant_tsc arch_perfmon pebs bts rep_good nopl xtopology nonstop_tsc cpuid aperfmperf pni pclmulqdq dtes64 monitor ds_cpl vmx est tm2 ssse3 cx16 xtpr pdcm pcid sse4_1 sse4_2 x2apic popcnt tsc_deadline_timer aes xsave avx f16c rdrand lahf_lm cpuid_fault epb pti ssbd ibrs ibpb stibp tpr_shadow vnmi flexpriority ept vpid fsgsbase smep erms xsaveopt dtherm ida arat pln pts md_clear flush_l1d
bugs		: cpu_meltdown spectre_v1 spectre_v2 spec_store_bypass l1tf mds swapgs itlb_multihit
bogomips	: 4389.96
clflush size	: 64
cache_alignment	: 64
address sizes	: 36 bits physical, 48 bits virtual
power management:

processor	: 2
vendor_id	: GenuineIntel
cpu family	: 6
model		: 58
model name	: Intel(R) Core(TM) i7-3632QM CPU @ 2.20GHz
stepping	: 9
microcode	: 0x21
cpu MHz		: 2893.380
cache size	: 6144 KB
physical id	: 0
siblings	: 8
core id		: 1
cpu cores	: 4
apicid		: 2
initial apicid	: 2
fpu		: yes
fpu_exception	: yes
cpuid level	: 13
wp		: yes
flags		: fpu vme de pse tsc msr pae mce cx8 apic sep mtrr pge mca cmov pat pse36 clflush dts acpi mmx fxsr sse sse2 ss ht tm pbe syscall nx rdtscp lm constant_tsc arch_perfmon pebs bts rep_good nopl xtopology nonstop_tsc cpuid aperfmperf pni pclmulqdq dtes64 monitor ds_cpl vmx est tm2 ssse3 cx16 xtpr pdcm pcid sse4_1 sse4_2 x2apic popcnt tsc_deadline_timer aes xsave avx f16c rdrand lahf_lm cpuid_fault epb pti ssbd ibrs ibpb stibp tpr_shadow vnmi flexpriority ept vpid fsgsbase smep erms xsaveopt dtherm ida arat pln pts md_clear flush_l1d
bugs		: cpu_meltdown spectre_v1 spectre_v2 spec_store_bypass l1tf mds swapgs itlb_multihit
bogomips	: 4389.96
clflush size	: 64
cache_alignment	: 64
address sizes	: 36 bits physical, 48 bits virtual
power management:

processor	: 3
vendor_id	: GenuineIntel
cpu family	: 6
model		: 58
model name	: Intel(R) Core(TM) i7-3632QM CPU @ 2.20GHz
stepping	: 9
microcode	: 0x21
cpu MHz		: 2893.380
cache size	: 6144 KB
physical id	: 0
siblings	: 8
core id		: 1
cpu cores	: 4
apicid		: 3
initial apicid	: 3
fpu		: yes
fpu_exception	: yes
cpuid level	: 13
wp		: yes
flags		: fpu vme de pse tsc msr pae mce cx8 apic sep mtrr pge mca cmov pat pse36 clflush dts acpi mmx fxsr sse sse2 ss ht tm pbe syscall nx rdtscp lm constant_tsc arch_perfmon pebs bts rep_good nopl xtopology nonstop_tsc cpuid aperfmperf pni pclmulqdq dtes64 monitor ds_cpl vmx est tm2 ssse3 cx16 xtpr pdcm pcid sse4_1 sse4_2 x2apic popcnt tsc_deadline_timer aes xsave avx f16c rdrand lahf_lm cpuid_fault epb pti ssbd ibrs ibpb stibp tpr_shadow vnmi flexpriority ept vpid fsgsbase smep erms xsaveopt dtherm ida arat pln pts md_clear flush_l1d
bugs		: cpu_meltdown spectre_v1 spectre_v2 spec_store_bypass l1tf mds swapgs itlb_multihit
bogomips	: 4389.96
clflush size	: 64
cache_alignment	: 64
address sizes	: 36 bits physical, 48 bits virtual
power management:

processor	: 4
vendor_id	: GenuineIntel
cpu family	: 6
model		: 58
model name	: Intel(R) Core(TM) i7-3632QM CPU @ 2.20GHz
stepping	: 9
microcode	: 0x21
cpu MHz		: 2893.383
cache size	: 6144 KB
physical id	: 0
siblings	: 8
core id		: 2
cpu cores	: 4
apicid		: 4
initial apicid	: 4
fpu		: yes
fpu_exception	: yes
cpuid level	: 13
wp		: yes
flags		: fpu vme de pse tsc msr pae mce cx8 apic sep mtrr pge mca cmov pat pse36 clflush dts acpi mmx fxsr sse sse2 ss ht tm pbe syscall nx rdtscp lm constant_tsc arch_perfmon pebs bts rep_good nopl xtopology nonstop_tsc cpuid aperfmperf pni pclmulqdq dtes64 monitor ds_cpl vmx est tm2 ssse3 cx16 xtpr pdcm pcid sse4_1 sse4_2 x2apic popcnt tsc_deadline_timer aes xsave avx f16c rdrand lahf_lm cpuid_fault epb pti ssbd ibrs ibpb stibp tpr_shadow vnmi flexpriority ept vpid fsgsbase smep erms xsaveopt dtherm ida arat pln pts md_clear flush_l1d
bugs		: cpu_meltdown spectre_v1 spectre_v2 spec_store_bypass l1tf mds swapgs itlb_multihit
bogomips	: 4389.96
clflush size	: 64
cache_alignment	: 64
address sizes	: 36 bits physical, 48 bits virtual
power management:

processor	: 5
vendor_id	: GenuineIntel
cpu family	: 6
model		: 58
model name	: Intel(R) Core(TM) i7-3632QM CPU @ 2.20GHz
stepping	: 9
microcode	: 0x21
cpu MHz		: 2893.378
cache size	: 6144 KB
physical id	: 0
siblings	: 8
core id		: 2
cpu cores	: 4
apicid		: 5
initial apicid	: 5
fpu		: yes
fpu_exception	: yes
cpuid level	: 13
wp		: yes
flags		: fpu vme de pse tsc msr pae mce cx8 apic sep mtrr pge mca cmov pat pse36 clflush dts acpi mmx fxsr sse sse2 ss ht tm pbe syscall nx rdtscp lm constant_tsc arch_perfmon pebs bts rep_good nopl xtopology nonstop_tsc cpuid aperfmperf pni pclmulqdq dtes64 monitor ds_cpl vmx est tm2 ssse3 cx16 xtpr pdcm pcid sse4_1 sse4_2 x2apic popcnt tsc_deadline_timer aes xsave avx f16c rdrand lahf_lm cpuid_fault epb pti ssbd ibrs ibpb stibp tpr_shadow vnmi flexpriority ept vpid fsgsbase smep erms xsaveopt dtherm ida arat pln pts md_clear flush_l1d
bugs		: cpu_meltdown spectre_v1 spectre_v2 spec_store_bypass l1tf mds swapgs itlb_multihit
bogomips	: 4389.96
clflush size	: 64
cache_alignment	: 64
address sizes	: 36 bits physical, 48 bits virtual
power management:

processor	: 6
vendor_id	: GenuineIntel
cpu family	: 6
model		: 58
model name	: Intel(R) Core(TM) i7-3632QM CPU @ 2.20GHz
stepping	: 9
microcode	: 0x21
cpu MHz		: 2893.396
cache size	: 6144 KB
physical id	: 0
siblings	: 8
core id		: 3
cpu cores	: 4
apicid		: 6
initial apicid	: 6
fpu		: yes
fpu_exception	: yes
cpuid level	: 13
wp		: yes
flags		: fpu vme de pse tsc msr pae mce cx8 apic sep mtrr pge mca cmov pat pse36 clflush dts acpi mmx fxsr sse sse2 ss ht tm pbe syscall nx rdtscp lm constant_tsc arch_perfmon pebs bts rep_good nopl xtopology nonstop_tsc cpuid aperfmperf pni pclmulqdq dtes64 monitor ds_cpl vmx est tm2 ssse3 cx16 xtpr pdcm pcid sse4_1 sse4_2 x2apic popcnt tsc_deadline_timer aes xsave avx f16c rdrand lahf_lm cpuid_fault epb pti ssbd ibrs ibpb stibp tpr_shadow vnmi flexpriority ept vpid fsgsbase smep erms xsaveopt dtherm ida arat pln pts md_clear flush_l1d
bugs		: cpu_meltdown spectre_v1 spectre_v2 spec_store_bypass l1tf mds swapgs itlb_multihit
bogomips	: 4389.96
clflush size	: 64
cache_alignment	: 64
address sizes	: 36 bits physical, 48 bits virtual
power management:

processor	: 7
vendor_id	: GenuineIntel
cpu family	: 6
model		: 58
model name	: Intel(R) Core(TM) i7-3632QM CPU @ 2.20GHz
stepping	: 9
microcode	: 0x21
cpu MHz		: 2893.387
cache size	: 6144 KB
physical id	: 0
siblings	: 8
core id		: 3
cpu cores	: 4
apicid		: 7
initial apicid	: 7
fpu		: yes
fpu_exception	: yes
cpuid level	: 13
wp		: yes
flags		: fpu vme de pse tsc msr pae mce cx8 apic sep mtrr pge mca cmov pat pse36 clflush dts acpi mmx fxsr sse sse2 ss ht tm pbe syscall nx rdtscp lm constant_tsc arch_perfmon pebs bts rep_good nopl xtopology nonstop_tsc cpuid aperfmperf pni pclmulqdq dtes64 monitor ds_cpl vmx est tm2 ssse3 cx16 xtpr pdcm pcid sse4_1 sse4_2 x2apic popcnt tsc_deadline_timer aes xsave avx f16c rdrand lahf_lm cpuid_fault epb pti ssbd ibrs ibpb stibp tpr_shadow vnmi flexpriority ept vpid fsgsbase smep erms xsaveopt dtherm ida arat pln pts md_clear flush_l1d
bugs		: cpu_meltdown spectre_v1 spectre_v2 spec_store_bypass l1tf mds swapgs itlb_multihit
bogomips	: 4389.96
clflush size	: 64
cache_alignment	: 64
address sizes	: 36 bits physical, 48 bits virtual
power management:



Memory: 4k page, physical 32755432k(19311020k free), swap 2097148k(2097148k free)

vm_info: OpenJDK 64-Bit Server VM (25.252-b09) for linux-amd64 JRE (1.8.0_252-8u252-b09-1~18.04-b09), built on Apr 15 2020 18:48:05 by "buildd" with gcc 7.5.0

time: Mon Apr 27 16:47:36 2020
timezone: CEST
elapsed time: 0 seconds (0d 0h 0m 0s)

